<?xml version="1.0" encoding="UTF-8"?>
<testng-results ignored="0" total="5" passed="5" failed="0" skipped="0">
  <reporter-output>
  </reporter-output>
  <suite started-at="2022-05-09T09:24:30 EEST" name="Yaware Tests" finished-at="2022-05-09T09:25:05 EEST" duration-ms="35841">
    <groups>
    </groups>
    <test started-at="2022-05-09T09:24:30 EEST" name="D:\work\TestingYaware" finished-at="2022-05-09T09:25:05 EEST" duration-ms="35841">
      <class name="tests.addemployee.YawareAddEmployeeTest">
        <test-method is-config="true" signature="YawareImportTest()[pri:0, instance:tests.addemployee.YawareAddEmployeeTest@1d944fc0]" started-at="2022-05-09T09:24:30 EEST" name="YawareImportTest" finished-at="2022-05-09T09:24:47 EEST" duration-ms="17558" status="PASS">
          <reporter-output>
          </reporter-output>
        </test-method> <!-- YawareImportTest -->
        <test-method signature="YawareImportDelete()[pri:0, instance:tests.addemployee.YawareAddEmployeeTest@1d944fc0]" started-at="2022-05-09T09:24:47 EEST" name="YawareImportDelete" finished-at="2022-05-09T09:24:54 EEST" duration-ms="6460" status="PASS">
          <reporter-output>
          </reporter-output>
        </test-method> <!-- YawareImportDelete -->
        <test-method signature="YawareImportLinux()[pri:0, instance:tests.addemployee.YawareAddEmployeeTest@1d944fc0]" started-at="2022-05-09T09:24:54 EEST" name="YawareImportLinux" finished-at="2022-05-09T09:24:57 EEST" duration-ms="2830" status="PASS">
          <reporter-output>
          </reporter-output>
        </test-method> <!-- YawareImportLinux -->
        <test-method signature="YawareImportMacos()[pri:0, instance:tests.addemployee.YawareAddEmployeeTest@1d944fc0]" started-at="2022-05-09T09:24:57 EEST" name="YawareImportMacos" finished-at="2022-05-09T09:24:59 EEST" duration-ms="2738" status="PASS">
          <reporter-output>
          </reporter-output>
        </test-method> <!-- YawareImportMacos -->
        <test-method signature="YawareImportResend()[pri:0, instance:tests.addemployee.YawareAddEmployeeTest@1d944fc0]" started-at="2022-05-09T09:24:59 EEST" name="YawareImportResend" finished-at="2022-05-09T09:25:02 EEST" duration-ms="2767" status="PASS">
          <reporter-output>
          </reporter-output>
        </test-method> <!-- YawareImportResend -->
        <test-method signature="YawareImportWindows()[pri:0, instance:tests.addemployee.YawareAddEmployeeTest@1d944fc0]" started-at="2022-05-09T09:25:02 EEST" name="YawareImportWindows" finished-at="2022-05-09T09:25:05 EEST" duration-ms="3212" status="PASS">
          <reporter-output>
          </reporter-output>
        </test-method> <!-- YawareImportWindows -->
        <test-method is-config="true" signature="close()[pri:0, instance:tests.addemployee.YawareAddEmployeeTest@1d944fc0]" started-at="2022-05-09T09:25:06 EEST" name="close" finished-at="2022-05-09T09:25:06 EEST" duration-ms="1" status="PASS">
          <reporter-output>
          </reporter-output>
        </test-method> <!-- close -->
      </class> <!-- tests.addemployee.YawareAddEmployeeTest -->
    </test> <!-- D:\work\TestingYaware -->
  </suite> <!-- Yaware Tests -->
</testng-results>
